This is pdfTeX, Version 3.141592653-2.6-1.40.24 (TeX Live 2022) (preloaded format=pdflatex 2023.5.16)  23 JUN 2023 00:49
entering extended mode
 restricted \write18 enabled.
 %&-line parsing enabled.
**output/wachat_EstebanArgumedo.tex
(./output/wachat_EstebanArgumedo.tex
LaTeX2e <2022-06-01> patch level 5
L3 programming layer <2022-12-17>
! Undefined control sequence.
l.1 \hypertarget
                {section}{%
? 

! LaTeX Error: Missing \begin{document}.

See the LaTeX manual or LaTeX Companion for explanation.
Type  H <return>  for immediate help.
 ...                                              
                                                  
l.1 \hypertarget{s
                  ection}{%
? 
! Emergency stop.
 ...                                              
                                                  
l.1 \hypertarget{s
                  ection}{%
You're in trouble here.  Try typing  <return>  to proceed.
If that doesn't work, type  X <return>  to quit.

 
Here is how much of TeX's memory you used:
 18 strings out of 478078
 597 string characters out of 5841417
 1848793 words of memory out of 6000000
 20178 multiletter control sequences out of 15000+600000
 512287 words of font info for 32 fonts, out of 8000000 for 9000
 34 hyphenation exceptions out of 8191
 13i,0n,12p,89b,18s stack positions out of 10000i,1000n,20000p,200000b,200000s
!  ==> Fatal error occurred, no output PDF file produced!
